c:\users\louis.m.delphie\source\repos\zombiearena\zombiearena\debug\zombiearena.pch
c:\users\louis.m.delphie\source\repos\zombiearena\zombiearena\debug\vc141.pdb
c:\users\louis.m.delphie\source\repos\zombiearena\zombiearena\debug\vc141.idb
c:\users\louis.m.delphie\source\repos\zombiearena\zombiearena\debug\stdafx.obj
c:\users\louis.m.delphie\source\repos\zombiearena\zombiearena\debug\player.obj
c:\users\louis.m.delphie\source\repos\zombiearena\zombiearena\debug\zombiearena.obj
c:\users\louis.m.delphie\source\repos\zombiearena\zombiearena\debug\createbackground.obj
c:\users\louis.m.delphie\source\repos\zombiearena\zombiearena\debug\zombie.obj
c:\users\louis.m.delphie\source\repos\zombiearena\zombiearena\debug\textureholder.obj
c:\users\louis.m.delphie\source\repos\zombiearena\zombiearena\debug\createhorde.obj
c:\users\louis.m.delphie\source\repos\zombiearena\zombiearena\debug\bullet.obj
c:\users\louis.m.delphie\source\repos\zombiearena\zombiearena\debug\pickup.obj
c:\users\louis.m.delphie\source\repos\zombiearena\zombiearena\debug\maketext.obj
c:\users\louis.m.delphie\source\repos\zombiearena\debug\zombiearena.exe
c:\users\louis.m.delphie\source\repos\zombiearena\debug\zombiearena.ilk
c:\users\louis.m.delphie\source\repos\zombiearena\debug\zombiearena.pdb
c:\users\louis.m.delphie\source\repos\zombiearena\zombiearena\debug\zombiearena.tlog\cl.command.1.tlog
c:\users\louis.m.delphie\source\repos\zombiearena\zombiearena\debug\zombiearena.tlog\cl.read.1.tlog
c:\users\louis.m.delphie\source\repos\zombiearena\zombiearena\debug\zombiearena.tlog\cl.write.1.tlog
c:\users\louis.m.delphie\source\repos\zombiearena\zombiearena\debug\zombiearena.tlog\link.command.1.tlog
c:\users\louis.m.delphie\source\repos\zombiearena\zombiearena\debug\zombiearena.tlog\link.read.1.tlog
c:\users\louis.m.delphie\source\repos\zombiearena\zombiearena\debug\zombiearena.tlog\link.write.1.tlog
